d:\vs projects\imageprocessingproject\src\x64\release\vc143.pdb
d:\vs projects\imageprocessingproject\src\x64\release\shadermanager.obj
d:\vs projects\imageprocessingproject\src\x64\release\imageprocessingproject.obj
d:\vs projects\imageprocessingproject\src\x64\release\effect.obj
d:\vs projects\imageprocessingproject\src\x64\release\defaultpixelshader.cso
d:\vs projects\imageprocessingproject\src\x64\release\defaultvertexshader.cso
d:\vs projects\imageprocessingproject\src\x64\release\imageprocessingproject.ipdb
d:\vs projects\imageprocessingproject\src\x64\release\imageprocessingproject.iobj
d:\vs projects\imageprocessingproject\src\x64\release\imageprocessingproject.exe
d:\vs projects\imageprocessingproject\src\x64\release\imageprocessingproject.pdb
d:\vs projects\imageprocessingproject\src\x64\release\imageprocessingproject.res
d:\vs projects\imageprocessingproject\src\x64\release\baseeffect.obj
d:\vs projects\imageprocessingproject\src\x64\release\imagepro.b801a8f8.tlog\cl.command.1.tlog
d:\vs projects\imageprocessingproject\src\x64\release\imagepro.b801a8f8.tlog\cl.items.tlog
d:\vs projects\imageprocessingproject\src\x64\release\imagepro.b801a8f8.tlog\cl.read.1.tlog
d:\vs projects\imageprocessingproject\src\x64\release\imagepro.b801a8f8.tlog\cl.write.1.tlog
d:\vs projects\imageprocessingproject\src\x64\release\imagepro.b801a8f8.tlog\fxc.command.1.tlog
d:\vs projects\imageprocessingproject\src\x64\release\imagepro.b801a8f8.tlog\fxc.read.1.tlog
d:\vs projects\imageprocessingproject\src\x64\release\imagepro.b801a8f8.tlog\fxc.write.1.tlog
d:\vs projects\imageprocessingproject\src\x64\release\imagepro.b801a8f8.tlog\link.command.1.tlog
d:\vs projects\imageprocessingproject\src\x64\release\imagepro.b801a8f8.tlog\link.read.1.tlog
d:\vs projects\imageprocessingproject\src\x64\release\imagepro.b801a8f8.tlog\link.write.1.tlog
d:\vs projects\imageprocessingproject\src\x64\release\imagepro.b801a8f8.tlog\link.write.2u.tlog
d:\vs projects\imageprocessingproject\src\x64\release\imagepro.b801a8f8.tlog\rc.command.1.tlog
d:\vs projects\imageprocessingproject\src\x64\release\imagepro.b801a8f8.tlog\rc.read.1.tlog
d:\vs projects\imageprocessingproject\src\x64\release\imagepro.b801a8f8.tlog\rc.write.1.tlog
